[2025-10-08 23:40:54.302] [INFO] [617631ab-bf5d-4c78-8a97-e5a2afd8bdcc] [General] Test message
[2025-10-08 23:40:54.379] [DEBUG] [66fdcb0a-0e3d-4aed-98be-79b6382bccc0] [General] Test Debug
[2025-10-08 23:40:54.385] [INFO] [66fdcb0a-0e3d-4aed-98be-79b6382bccc0] [General] Test Info
[2025-10-08 23:40:54.389] [WARN] [66fdcb0a-0e3d-4aed-98be-79b6382bccc0] [General] Test Warn
[2025-10-08 23:40:54.392] [ERROR] [66fdcb0a-0e3d-4aed-98be-79b6382bccc0] [General] Test Error
[2025-10-08 23:40:54.396] [FATAL] [66fdcb0a-0e3d-4aed-98be-79b6382bccc0] [General] Test Fatal
[2025-10-08 23:40:54.405] [ERROR] [bab2171d-229c-4f55-af29-9a31b6530daa] [General] Test [Code: E001] [Hint: Fix it] [Action: Do this]
[2025-10-08 23:40:54.422] [INFO] [784ae572-9c6d-4c41-9333-cfbfbec11a23] [General] Info message
[2025-10-08 23:40:54.432] [WARN] [a2231569-8ac0-4f58-8369-92d4a5c3a440] [General] Warning
[2025-10-08 23:40:54.442] [ERROR] [30c33324-61d9-4bd8-bc77-3f2c45fcd360] [General] Error [Code: E001]
[2025-10-08 23:42:15.827] [INFO] [d5d3dd5a-eef5-48f0-85b7-121237973b3d] [General] Test message
[2025-10-08 23:42:15.879] [DEBUG] [9646dc9d-8cee-467c-9ebd-4ad219f4f1f3] [General] Test Debug
[2025-10-08 23:42:15.883] [INFO] [9646dc9d-8cee-467c-9ebd-4ad219f4f1f3] [General] Test Info
[2025-10-08 23:42:15.893] [WARN] [9646dc9d-8cee-467c-9ebd-4ad219f4f1f3] [General] Test Warn
[2025-10-08 23:42:15.897] [ERROR] [9646dc9d-8cee-467c-9ebd-4ad219f4f1f3] [General] Test Error
[2025-10-08 23:42:15.901] [FATAL] [9646dc9d-8cee-467c-9ebd-4ad219f4f1f3] [General] Test Fatal
[2025-10-08 23:42:15.909] [ERROR] [6a3311d1-32f4-40fd-8fa2-c638588d34b0] [General] Test [Code: E001] [Hint: Fix it] [Action: Do this]
[2025-10-08 23:42:15.922] [INFO] [49be374e-a560-42cd-ac56-23171d275459] [General] Info message
[2025-10-08 23:42:15.931] [WARN] [3aba18ab-81cf-4435-9a85-aedae3d9ec04] [General] Warning
[2025-10-08 23:42:15.945] [ERROR] [524e10f9-8d3a-47f0-8550-846d6787d06d] [General] Error [Code: E001]
[2025-10-08 23:42:35.712] [INFO] [7fd26255-ae01-481d-a808-3d9510891bba] [General] Test message
[2025-10-08 23:42:35.789] [DEBUG] [2b8f71fb-215c-4b5f-bb7b-f60b808a14fc] [General] Test Debug
[2025-10-08 23:42:35.794] [INFO] [2b8f71fb-215c-4b5f-bb7b-f60b808a14fc] [General] Test Info
[2025-10-08 23:42:35.799] [WARN] [2b8f71fb-215c-4b5f-bb7b-f60b808a14fc] [General] Test Warn
[2025-10-08 23:42:35.805] [ERROR] [2b8f71fb-215c-4b5f-bb7b-f60b808a14fc] [General] Test Error
[2025-10-08 23:42:35.815] [FATAL] [2b8f71fb-215c-4b5f-bb7b-f60b808a14fc] [General] Test Fatal
[2025-10-08 23:42:35.827] [ERROR] [fc806d5a-93aa-4345-a83c-2b8756fb9feb] [General] Test [Code: E001] [Hint: Fix it] [Action: Do this]
[2025-10-08 23:42:35.853] [INFO] [795142ca-3bec-4a2f-9284-60fb48bb4b74] [General] Info message
[2025-10-08 23:42:35.866] [WARN] [b1af5e30-090e-4e10-a5f9-2aad1bb7f1cc] [General] Warning
[2025-10-08 23:42:35.878] [ERROR] [20a4dd1c-524d-4538-a513-9179f8051eba] [General] Error [Code: E001]
[2025-10-08 23:43:03.686] [INFO] [47f1b210-b467-40fb-8f01-eb083c2732a4] [General] Test message
[2025-10-08 23:43:03.757] [DEBUG] [3721ecbd-c1df-4ca0-90b1-222ac1419576] [General] Test Debug
[2025-10-08 23:43:03.761] [INFO] [3721ecbd-c1df-4ca0-90b1-222ac1419576] [General] Test Info
[2025-10-08 23:43:03.765] [WARN] [3721ecbd-c1df-4ca0-90b1-222ac1419576] [General] Test Warn
[2025-10-08 23:43:03.768] [ERROR] [3721ecbd-c1df-4ca0-90b1-222ac1419576] [General] Test Error
[2025-10-08 23:43:03.771] [FATAL] [3721ecbd-c1df-4ca0-90b1-222ac1419576] [General] Test Fatal
[2025-10-08 23:43:03.785] [ERROR] [0014e6bf-2b65-4c1a-8c33-2caef39ba942] [General] Test [Code: E001] [Hint: Fix it] [Action: Do this]
[2025-10-08 23:43:03.800] [INFO] [a688b6c9-c611-4acc-b100-6900b3e98d90] [General] Info message
[2025-10-08 23:43:03.809] [WARN] [09feb996-b6c8-421b-958e-76d50f2a0c57] [General] Warning
[2025-10-08 23:43:03.832] [ERROR] [09413a26-2406-460a-bfb7-4823d6675261] [General] Error [Code: E001]
[2025-10-08 23:43:13.483] [INFO] [b059108e-5993-4d25-8491-f050e5ae2870] [General] Test message
[2025-10-08 23:43:13.542] [DEBUG] [482bba27-5855-4aaa-9404-6905375d1c17] [General] Test Debug
[2025-10-08 23:43:13.547] [INFO] [482bba27-5855-4aaa-9404-6905375d1c17] [General] Test Info
[2025-10-08 23:43:13.557] [WARN] [482bba27-5855-4aaa-9404-6905375d1c17] [General] Test Warn
[2025-10-08 23:43:13.561] [ERROR] [482bba27-5855-4aaa-9404-6905375d1c17] [General] Test Error
[2025-10-08 23:43:13.564] [FATAL] [482bba27-5855-4aaa-9404-6905375d1c17] [General] Test Fatal
[2025-10-08 23:43:13.572] [ERROR] [97548a7a-bac8-4546-ac3f-910332a68016] [General] Test [Code: E001] [Hint: Fix it] [Action: Do this]
[2025-10-08 23:43:13.592] [INFO] [427b3bdc-2674-4672-ba69-c56dabbfbd7b] [General] Info message
[2025-10-08 23:43:13.601] [WARN] [abf8b844-5823-455b-ba14-fa526382a9c4] [General] Warning
[2025-10-08 23:43:13.612] [ERROR] [0049b11f-7a26-41b2-bc98-846c7f43057a] [General] Error [Code: E001]
[2025-10-08 23:43:24.039] [INFO] [293fb910-1f5c-4488-a25a-5fe6bc47b44c] [General] Test message
[2025-10-08 23:43:24.097] [DEBUG] [b1af14c3-3c0d-43f6-befb-9a7d9700b8c7] [General] Test Debug
[2025-10-08 23:43:24.102] [INFO] [b1af14c3-3c0d-43f6-befb-9a7d9700b8c7] [General] Test Info
[2025-10-08 23:43:24.106] [WARN] [b1af14c3-3c0d-43f6-befb-9a7d9700b8c7] [General] Test Warn
[2025-10-08 23:43:24.114] [ERROR] [b1af14c3-3c0d-43f6-befb-9a7d9700b8c7] [General] Test Error
[2025-10-08 23:43:24.118] [FATAL] [b1af14c3-3c0d-43f6-befb-9a7d9700b8c7] [General] Test Fatal
[2025-10-08 23:43:24.127] [ERROR] [bda2dc49-d136-404f-a8cc-9081d1ad89c0] [General] Test [Code: E001] [Hint: Fix it] [Action: Do this]
[2025-10-08 23:43:24.147] [INFO] [2d817052-efa7-4666-83a6-f04b713ef708] [General] Info message
[2025-10-08 23:43:24.157] [WARN] [b5cb8b9c-d368-4d70-9de6-be3c6d9cd30f] [General] Warning
[2025-10-08 23:43:24.166] [ERROR] [fc3a722f-3a6d-44db-8aa1-ae0e860d34e6] [General] Error [Code: E001]
[2025-10-08 23:43:36.981] [INFO] [018610bf-2123-4b54-bb53-c61099334eb6] [General] Test message
[2025-10-08 23:43:37.043] [DEBUG] [056c741d-0601-4a1a-a0a6-bace86af2929] [General] Test Debug
[2025-10-08 23:43:37.046] [INFO] [056c741d-0601-4a1a-a0a6-bace86af2929] [General] Test Info
[2025-10-08 23:43:37.050] [WARN] [056c741d-0601-4a1a-a0a6-bace86af2929] [General] Test Warn
[2025-10-08 23:43:37.054] [ERROR] [056c741d-0601-4a1a-a0a6-bace86af2929] [General] Test Error
[2025-10-08 23:43:37.057] [FATAL] [056c741d-0601-4a1a-a0a6-bace86af2929] [General] Test Fatal
[2025-10-08 23:43:37.065] [ERROR] [23ab507a-9a29-4d23-b25a-707ef124ad0a] [General] Test [Code: E001] [Hint: Fix it] [Action: Do this]
[2025-10-08 23:43:37.086] [INFO] [79f997b3-08e1-45cf-b72e-03f62780658b] [General] Info message
[2025-10-08 23:43:37.096] [WARN] [f11e1d06-b2ad-465d-986e-5bbe2be2f04c] [General] Warning
[2025-10-08 23:43:37.107] [ERROR] [f780058a-2a61-498c-835f-1da896d18b4c] [General] Error [Code: E001]
[2025-10-08 23:43:47.963] [INFO] [2abef8b3-5880-4eef-95d4-3626baa7c4e8] [General] Test message
[2025-10-08 23:43:48.032] [DEBUG] [63d2601a-861b-4502-a7c1-52ee71b7f23a] [General] Test Debug
[2025-10-08 23:43:48.037] [INFO] [63d2601a-861b-4502-a7c1-52ee71b7f23a] [General] Test Info
[2025-10-08 23:43:48.042] [WARN] [63d2601a-861b-4502-a7c1-52ee71b7f23a] [General] Test Warn
[2025-10-08 23:43:48.046] [ERROR] [63d2601a-861b-4502-a7c1-52ee71b7f23a] [General] Test Error
[2025-10-08 23:43:48.051] [FATAL] [63d2601a-861b-4502-a7c1-52ee71b7f23a] [General] Test Fatal
[2025-10-08 23:43:48.069] [ERROR] [f7879ead-aaa4-4e5f-9734-54890d724345] [General] Test [Code: E001] [Hint: Fix it] [Action: Do this]
[2025-10-08 23:43:48.086] [INFO] [2d09b5c6-db38-4b20-a80c-ebe323d876ff] [General] Info message
[2025-10-08 23:43:48.096] [WARN] [524080d3-3c3a-4a6d-a961-247fcfc0c797] [General] Warning
[2025-10-08 23:43:48.119] [ERROR] [224d1950-5b2b-40e8-9284-721317cb8d5c] [General] Error [Code: E001]
[2025-10-08 23:43:58.600] [INFO] [96816760-4bd7-456c-a2f4-4490eebf5a2f] [General] Test message
[2025-10-08 23:43:58.654] [DEBUG] [5b7c659e-99e4-40e9-9f71-ebb0f1af1f8b] [General] Test Debug
[2025-10-08 23:43:58.657] [INFO] [5b7c659e-99e4-40e9-9f71-ebb0f1af1f8b] [General] Test Info
[2025-10-08 23:43:58.661] [WARN] [5b7c659e-99e4-40e9-9f71-ebb0f1af1f8b] [General] Test Warn
[2025-10-08 23:43:58.664] [ERROR] [5b7c659e-99e4-40e9-9f71-ebb0f1af1f8b] [General] Test Error
[2025-10-08 23:43:58.672] [FATAL] [5b7c659e-99e4-40e9-9f71-ebb0f1af1f8b] [General] Test Fatal
[2025-10-08 23:43:58.681] [ERROR] [3c6a5aae-3f79-468a-8e58-730768c2beef] [General] Test [Code: E001] [Hint: Fix it] [Action: Do this]
[2025-10-08 23:43:58.706] [INFO] [317c7515-a433-45d0-9084-e55c36f03939] [General] Info message
[2025-10-08 23:43:58.717] [WARN] [ec719a01-8068-460e-b6e4-bc2452b8c7c6] [General] Warning
[2025-10-08 23:43:58.728] [ERROR] [a440836f-a559-45b1-bfbb-fbcf36dcf4bd] [General] Error [Code: E001]
[2025-10-08 23:44:33.760] [INFO] [f20dcc7d-82f5-4944-b980-adcc7e93c9b5] [General] Test message
[2025-10-08 23:44:33.818] [DEBUG] [3736df7b-7619-4723-b777-d2bf016cd4de] [General] Test Debug
[2025-10-08 23:44:33.822] [INFO] [3736df7b-7619-4723-b777-d2bf016cd4de] [General] Test Info
[2025-10-08 23:44:33.826] [WARN] [3736df7b-7619-4723-b777-d2bf016cd4de] [General] Test Warn
[2025-10-08 23:44:33.829] [ERROR] [3736df7b-7619-4723-b777-d2bf016cd4de] [General] Test Error
[2025-10-08 23:44:33.838] [FATAL] [3736df7b-7619-4723-b777-d2bf016cd4de] [General] Test Fatal
[2025-10-08 23:44:33.846] [ERROR] [51349a68-2140-4a09-b883-e1c5ebfbfa61] [General] Test [Code: E001] [Hint: Fix it] [Action: Do this]
[2025-10-08 23:44:33.865] [INFO] [31590c2b-b15c-4ca1-84fb-f101aca618b1] [General] Info message
[2025-10-08 23:44:33.876] [WARN] [23bea950-ab38-42a9-91df-be2ec7857306] [General] Warning
[2025-10-08 23:44:33.887] [ERROR] [01340fd9-5931-490f-9397-523463bf865f] [General] Error [Code: E001]
[2025-10-08 23:44:45.742] [INFO] [62f90302-5391-4920-a14b-a8ffe19d4782] [General] Test message
[2025-10-08 23:44:45.784] [DEBUG] [39e45832-f064-47c8-87c2-8b61564e74db] [General] Test Debug
[2025-10-08 23:44:45.788] [INFO] [39e45832-f064-47c8-87c2-8b61564e74db] [General] Test Info
[2025-10-08 23:44:45.791] [WARN] [39e45832-f064-47c8-87c2-8b61564e74db] [General] Test Warn
[2025-10-08 23:44:45.795] [ERROR] [39e45832-f064-47c8-87c2-8b61564e74db] [General] Test Error
[2025-10-08 23:44:45.799] [FATAL] [39e45832-f064-47c8-87c2-8b61564e74db] [General] Test Fatal
[2025-10-08 23:44:45.813] [ERROR] [d5edd681-c35a-4699-bad4-3027767fec74] [General] Test [Code: E001] [Hint: Fix it] [Action: Do this]
[2025-10-08 23:44:45.829] [INFO] [71940a33-1d3c-4937-a5b7-cc9b3c6fadaf] [General] Info message
[2025-10-08 23:44:45.840] [WARN] [7d676d0a-0a3d-496a-b9eb-b129b6e1be38] [General] Warning
[2025-10-08 23:44:45.860] [ERROR] [2bdeba54-1743-4ba8-8c71-c7c81c0b26eb] [General] Error [Code: E001]
[2025-10-08 23:44:56.486] [INFO] [3c816706-b223-4e24-aa0f-2bba609bc95b] [General] Test message
[2025-10-08 23:44:56.544] [DEBUG] [b95247f2-afc5-4c24-81ee-46cbfc4a9c25] [General] Test Debug
[2025-10-08 23:44:56.547] [INFO] [b95247f2-afc5-4c24-81ee-46cbfc4a9c25] [General] Test Info
[2025-10-08 23:44:56.551] [WARN] [b95247f2-afc5-4c24-81ee-46cbfc4a9c25] [General] Test Warn
[2025-10-08 23:44:56.554] [ERROR] [b95247f2-afc5-4c24-81ee-46cbfc4a9c25] [General] Test Error
[2025-10-08 23:44:56.564] [FATAL] [b95247f2-afc5-4c24-81ee-46cbfc4a9c25] [General] Test Fatal
[2025-10-08 23:44:56.572] [ERROR] [31cadf17-6cdd-4aa9-baf0-ad4720f61b85] [General] Test [Code: E001] [Hint: Fix it] [Action: Do this]
[2025-10-08 23:44:56.595] [INFO] [bb02450f-e0ac-4108-bd53-8c4be7872358] [General] Info message
[2025-10-08 23:44:56.606] [WARN] [1ca8d738-a94e-4a4f-9f42-a128caaf54c3] [General] Warning
[2025-10-08 23:44:56.618] [ERROR] [a296e33f-c794-4d39-99b7-e9be330bfca1] [General] Error [Code: E001]
[2025-10-08 23:45:10.244] [INFO] [472892b5-d245-4279-9579-d03b0b67b5ae] [General] Test message
[2025-10-08 23:45:10.285] [DEBUG] [8b43b9e8-fc67-49d5-8e62-46ad2aadba54] [General] Test Debug
[2025-10-08 23:45:10.289] [INFO] [8b43b9e8-fc67-49d5-8e62-46ad2aadba54] [General] Test Info
[2025-10-08 23:45:10.292] [WARN] [8b43b9e8-fc67-49d5-8e62-46ad2aadba54] [General] Test Warn
[2025-10-08 23:45:10.296] [ERROR] [8b43b9e8-fc67-49d5-8e62-46ad2aadba54] [General] Test Error
[2025-10-08 23:45:10.299] [FATAL] [8b43b9e8-fc67-49d5-8e62-46ad2aadba54] [General] Test Fatal
[2025-10-08 23:45:10.308] [ERROR] [edaa6706-995e-4e21-b533-3ccb56382202] [General] Test [Code: E001] [Hint: Fix it] [Action: Do this]
[2025-10-08 23:45:10.328] [INFO] [f1ef7651-030c-4e13-ac17-ffe4d29fab5d] [General] Info message
[2025-10-08 23:45:10.338] [WARN] [535d855f-fb8a-4e64-8123-e0fbaea95793] [General] Warning
[2025-10-08 23:45:10.359] [ERROR] [94010b94-fbac-43e0-ab47-f47434b7dcd4] [General] Error [Code: E001]
[2025-10-08 23:45:22.301] [INFO] [0c54b9cf-5da9-4cc0-9687-16fc34e4c7ec] [General] Test message
[2025-10-08 23:45:22.355] [DEBUG] [cd89d085-84fb-4486-bcf2-50a9b598bcca] [General] Test Debug
[2025-10-08 23:45:22.360] [INFO] [cd89d085-84fb-4486-bcf2-50a9b598bcca] [General] Test Info
[2025-10-08 23:45:22.365] [WARN] [cd89d085-84fb-4486-bcf2-50a9b598bcca] [General] Test Warn
[2025-10-08 23:45:22.369] [ERROR] [cd89d085-84fb-4486-bcf2-50a9b598bcca] [General] Test Error
[2025-10-08 23:45:22.372] [FATAL] [cd89d085-84fb-4486-bcf2-50a9b598bcca] [General] Test Fatal
[2025-10-08 23:45:22.388] [ERROR] [a27167ef-ca3d-44cc-96ce-66b6186aeb5c] [General] Test [Code: E001] [Hint: Fix it] [Action: Do this]
[2025-10-08 23:45:22.407] [INFO] [0fb105fc-2416-4c90-9406-1df6e8fe4e7a] [General] Info message
[2025-10-08 23:45:22.420] [WARN] [5e591b20-baf1-43a0-a220-f91fb058738b] [General] Warning
[2025-10-08 23:45:22.448] [ERROR] [bd24b06a-df33-4045-966e-ff7c1edbf608] [General] Error [Code: E001]
[2025-10-08 23:45:33.574] [INFO] [3923f126-f882-4303-ad10-49fa26f15853] [General] Test message
[2025-10-08 23:45:33.622] [DEBUG] [5ae7bbad-7f8d-434d-a911-157a3a8897d3] [General] Test Debug
[2025-10-08 23:45:33.626] [INFO] [5ae7bbad-7f8d-434d-a911-157a3a8897d3] [General] Test Info
[2025-10-08 23:45:33.629] [WARN] [5ae7bbad-7f8d-434d-a911-157a3a8897d3] [General] Test Warn
[2025-10-08 23:45:33.633] [ERROR] [5ae7bbad-7f8d-434d-a911-157a3a8897d3] [General] Test Error
[2025-10-08 23:45:33.637] [FATAL] [5ae7bbad-7f8d-434d-a911-157a3a8897d3] [General] Test Fatal
[2025-10-08 23:45:33.645] [ERROR] [2fcabab3-478d-47bf-9955-35110d3f2874] [General] Test [Code: E001] [Hint: Fix it] [Action: Do this]
[2025-10-08 23:45:33.669] [INFO] [39b2531f-c419-413f-b984-5ff7d80ed535] [General] Info message
[2025-10-08 23:45:33.679] [WARN] [21f45678-018b-45d9-89ea-eede89e98b1e] [General] Warning
[2025-10-08 23:45:33.701] [ERROR] [cea8db4a-069a-46b8-987b-82a924de9321] [General] Error [Code: E001]
[2025-10-08 23:45:48.035] [INFO] [6f4f1011-db63-4950-8ac2-71dee0326053] [General] Test message
[2025-10-08 23:45:48.077] [DEBUG] [1fb45d95-b799-4c1d-b1c5-031db461eae3] [General] Test Debug
[2025-10-08 23:45:48.088] [INFO] [1fb45d95-b799-4c1d-b1c5-031db461eae3] [General] Test Info
[2025-10-08 23:45:48.092] [WARN] [1fb45d95-b799-4c1d-b1c5-031db461eae3] [General] Test Warn
[2025-10-08 23:45:48.095] [ERROR] [1fb45d95-b799-4c1d-b1c5-031db461eae3] [General] Test Error
[2025-10-08 23:45:48.099] [FATAL] [1fb45d95-b799-4c1d-b1c5-031db461eae3] [General] Test Fatal
[2025-10-08 23:45:48.108] [ERROR] [5aba6275-9ad6-4ee9-956c-0dfc1a92f7d2] [General] Test [Code: E001] [Hint: Fix it] [Action: Do this]
[2025-10-08 23:45:48.128] [INFO] [b076d781-12df-4d22-866a-c25f7873ecda] [General] Info message
[2025-10-08 23:45:48.138] [WARN] [f99d38c5-a082-4363-83e7-25b04fe4d03e] [General] Warning
[2025-10-08 23:45:48.149] [ERROR] [bab840a4-4840-44ea-a5b4-9a9a6204d8aa] [General] Error [Code: E001]
[2025-10-08 23:57:19.802] [INFO] [eb3d9d61-4461-46c2-ad86-05601c1d5ae2] [General] Test message
[2025-10-08 23:57:19.851] [DEBUG] [23505cba-01b1-4d0e-bc60-d6c3067795b0] [General] Test Debug
[2025-10-08 23:57:19.855] [INFO] [23505cba-01b1-4d0e-bc60-d6c3067795b0] [General] Test Info
[2025-10-08 23:57:19.859] [WARN] [23505cba-01b1-4d0e-bc60-d6c3067795b0] [General] Test Warn
[2025-10-08 23:57:19.863] [ERROR] [23505cba-01b1-4d0e-bc60-d6c3067795b0] [General] Test Error
[2025-10-08 23:57:19.867] [FATAL] [23505cba-01b1-4d0e-bc60-d6c3067795b0] [General] Test Fatal
[2025-10-08 23:57:19.881] [ERROR] [75ccc6f5-bcb7-4a47-952a-44185a76430b] [General] Test [Code: E001] [Hint: Fix it] [Action: Do this]
[2025-10-08 23:57:19.896] [INFO] [3cb91cfe-eca9-47e4-8399-c7e1fc4fc81e] [General] Info message
[2025-10-08 23:57:19.908] [WARN] [95149b85-e2b1-47ca-ad87-60594b6687ac] [General] Warning
[2025-10-08 23:57:19.930] [ERROR] [97e71c20-9d62-436e-b1f9-eb1d5d7c58d7] [General] Error [Code: E001]
